This file contains any messages produced by compilers while
running configure, to aid debugging if configure makes a mistake.

It was created by Bap configure 0.1, which was
generated by GNU Autoconf 2.67.  Invocation command line was

  $ ./configure 

## --------- ##
## Platform. ##
## --------- ##

hostname = ubuntu
uname -m = i686
uname -r = 3.0.0-12-generic
uname -s = Linux
uname -v = #20-Ubuntu SMP Fri Oct 7 14:50:42 UTC 2011

/usr/bin/uname -p = unknown
/bin/uname -X     = unknown

/bin/arch              = unknown
/usr/bin/arch -k       = unknown
/usr/convex/getsysinfo = unknown
/usr/bin/hostinfo      = unknown
/bin/machine           = unknown
/usr/bin/oslevel       = unknown
/bin/universe          = unknown

PATH: /usr/lib/lightdm/lightdm
PATH: /usr/local/sbin
PATH: /usr/local/bin
PATH: /usr/sbin
PATH: /usr/bin
PATH: /sbin
PATH: /bin
PATH: /usr/games


## ----------- ##
## Core tests. ##
## ----------- ##

configure:2459: checking for a BSD-compatible install
configure:2527: result: /usr/bin/install -c
configure:2538: checking whether build environment is sane
configure:2588: result: yes
configure:2729: checking for a thread-safe mkdir -p
configure:2768: result: /bin/mkdir -p
configure:2781: checking for gawk
configure:2811: result: no
configure:2781: checking for mawk
configure:2797: found /usr/bin/mawk
configure:2808: result: mawk
configure:2819: checking whether make sets $(MAKE)
configure:2841: result: yes
configure:3117: checking for g++
configure:3133: found /usr/bin/g++
configure:3144: result: g++
configure:3171: checking for C++ compiler version
configure:3180: g++ --version >&5
g++-4.6.real (Ubuntu/Linaro 4.6.1-9ubuntu3) 4.6.1
Copyright (C) 2011 Free Software Foundation, Inc.
This is free software; see the source for copying conditions.  There is NO
warranty; not even for MERCHANTABILITY or FITNESS FOR A PARTICULAR PURPOSE.

configure:3191: $? = 0
configure:3180: g++ -v >&5
Using built-in specs.
COLLECT_GCC=/usr/bin/g++-4.6.real
COLLECT_LTO_WRAPPER=/usr/lib/gcc/i686-linux-gnu/4.6.1/lto-wrapper
Target: i686-linux-gnu
Configured with: ../src/configure -v --with-pkgversion='Ubuntu/Linaro 4.6.1-9ubuntu3' --with-bugurl=file:///usr/share/doc/gcc-4.6/README.Bugs --enable-languages=c,c++,fortran,objc,obj-c++,go --prefix=/usr --program-suffix=-4.6 --enable-shared --enable-linker-build-id --with-system-zlib --libexecdir=/usr/lib --without-included-gettext --enable-threads=posix --with-gxx-include-dir=/usr/include/c++/4.6 --libdir=/usr/lib --enable-nls --with-sysroot=/ --enable-clocale=gnu --enable-libstdcxx-debug --enable-libstdcxx-time=yes --enable-plugin --enable-objc-gc --enable-targets=all --disable-werror --with-arch-32=i686 --with-tune=generic --enable-checking=release --build=i686-linux-gnu --host=i686-linux-gnu --target=i686-linux-gnu
Thread model: posix
gcc version 4.6.1 (Ubuntu/Linaro 4.6.1-9ubuntu3) 
configure:3191: $? = 0
configure:3180: g++ -V >&5
g++-4.6.real: error: unrecognized option '-V'
g++-4.6.real: fatal error: no input files
compilation terminated.
configure:3191: $? = 4
configure:3180: g++ -qversion >&5
g++-4.6.real: error: unrecognized option '-qversion'
g++-4.6.real: fatal error: no input files
compilation terminated.
configure:3191: $? = 4
configure:3211: checking whether the C++ compiler works
configure:3233: g++    conftest.cpp  >&5
configure:3237: $? = 0
configure:3285: result: yes
configure:3288: checking for C++ compiler default output file name
configure:3290: result: a.out
configure:3296: checking for suffix of executables
configure:3303: g++ -o conftest    conftest.cpp  >&5
configure:3307: $? = 0
configure:3329: result: 
configure:3351: checking whether we are cross compiling
configure:3359: g++ -o conftest    conftest.cpp  >&5
configure:3363: $? = 0
configure:3370: ./conftest
configure:3374: $? = 0
configure:3389: result: no
configure:3394: checking for suffix of object files
configure:3416: g++ -c   conftest.cpp >&5
configure:3420: $? = 0
configure:3441: result: o
configure:3445: checking whether we are using the GNU C++ compiler
configure:3464: g++ -c   conftest.cpp >&5
configure:3464: $? = 0
configure:3473: result: yes
configure:3482: checking whether g++ accepts -g
configure:3502: g++ -c -g  conftest.cpp >&5
configure:3502: $? = 0
configure:3543: result: yes
configure:3577: checking for style of include used by make
configure:3605: result: GNU
configure:3630: checking dependency style of g++
configure:3740: result: gcc3
configure:3803: checking for gcc
configure:3819: found /usr/bin/gcc
configure:3830: result: gcc
configure:4059: checking for C compiler version
configure:4068: gcc --version >&5
gcc-4.6.real (Ubuntu/Linaro 4.6.1-9ubuntu3) 4.6.1
Copyright (C) 2011 Free Software Foundation, Inc.
This is free software; see the source for copying conditions.  There is NO
warranty; not even for MERCHANTABILITY or FITNESS FOR A PARTICULAR PURPOSE.

configure:4079: $? = 0
configure:4068: gcc -v >&5
Using built-in specs.
COLLECT_GCC=/usr/bin/gcc-4.6.real
COLLECT_LTO_WRAPPER=/usr/lib/gcc/i686-linux-gnu/4.6.1/lto-wrapper
Target: i686-linux-gnu
Configured with: ../src/configure -v --with-pkgversion='Ubuntu/Linaro 4.6.1-9ubuntu3' --with-bugurl=file:///usr/share/doc/gcc-4.6/README.Bugs --enable-languages=c,c++,fortran,objc,obj-c++,go --prefix=/usr --program-suffix=-4.6 --enable-shared --enable-linker-build-id --with-system-zlib --libexecdir=/usr/lib --without-included-gettext --enable-threads=posix --with-gxx-include-dir=/usr/include/c++/4.6 --libdir=/usr/lib --enable-nls --with-sysroot=/ --enable-clocale=gnu --enable-libstdcxx-debug --enable-libstdcxx-time=yes --enable-plugin --enable-objc-gc --enable-targets=all --disable-werror --with-arch-32=i686 --with-tune=generic --enable-checking=release --build=i686-linux-gnu --host=i686-linux-gnu --target=i686-linux-gnu
Thread model: posix
gcc version 4.6.1 (Ubuntu/Linaro 4.6.1-9ubuntu3) 
configure:4079: $? = 0
configure:4068: gcc -V >&5
gcc-4.6.real: error: unrecognized option '-V'
gcc-4.6.real: fatal error: no input files
compilation terminated.
configure:4079: $? = 4
configure:4068: gcc -qversion >&5
gcc-4.6.real: error: unrecognized option '-qversion'
gcc-4.6.real: fatal error: no input files
compilation terminated.
configure:4079: $? = 4
configure:4083: checking whether we are using the GNU C compiler
configure:4102: gcc -c   conftest.c >&5
configure:4102: $? = 0
configure:4111: result: yes
configure:4120: checking whether gcc accepts -g
configure:4140: gcc -c -g  conftest.c >&5
configure:4140: $? = 0
configure:4181: result: yes
configure:4198: checking for gcc option to accept ISO C89
configure:4262: gcc  -c -g -O2  conftest.c >&5
configure:4262: $? = 0
configure:4275: result: none needed
configure:4297: checking dependency style of gcc
configure:4407: result: gcc3
configure:4422: checking whether make sets $(MAKE)
configure:4444: result: yes
configure:4496: checking for ranlib
configure:4512: found /usr/bin/ranlib
configure:4523: result: ranlib
configure:4565: checking for ocamlc
configure:4583: found /usr/bin/ocamlc
configure:4595: result: /usr/bin/ocamlc
configure:4609: checking for OCaml version
configure:4612: result: 3.12.0
configure:4650: checking for OCaml library path
configure:4653: result: /usr/lib/ocaml
configure:4661: checking for ocamlc.opt
configure:4679: found /usr/bin/ocamlc.opt
configure:4691: result: /usr/bin/ocamlc.opt
configure:4707: checking for ocamlc.opt version
configure:4710: result: 3.12.0
configure:4731: checking for ocamlopt
configure:4749: found /usr/bin/ocamlopt
configure:4761: result: /usr/bin/ocamlopt
configure:4777: checking for ocamlopt version
configure:4780: result: 3.12.0
configure:4795: checking if OCaml C compiler works
configure:4798: result: yes
configure:4816: checking for ocamlopt.opt
configure:4834: found /usr/bin/ocamlopt.opt
configure:4846: result: /usr/bin/ocamlopt.opt
configure:4862: checking for ocamlopt.opt version
configure:4865: result: 3.12.0
configure:4886: checking for ocamldep
configure:4904: found /usr/bin/ocamldep
configure:4916: result: /usr/bin/ocamldep
configure:4935: checking for ocamldep.opt
configure:4953: found /usr/bin/ocamldep.opt
configure:4965: result: /usr/bin/ocamldep.opt
configure:4987: checking for ocamlmktop
configure:5005: found /usr/bin/ocamlmktop
configure:5017: result: /usr/bin/ocamlmktop
configure:5035: checking for ocamlmklib
configure:5053: found /usr/bin/ocamlmklib
configure:5065: result: /usr/bin/ocamlmklib
configure:5083: checking for ocamldoc
configure:5101: found /usr/bin/ocamldoc
configure:5113: result: /usr/bin/ocamldoc
configure:5132: checking for ocamldoc.opt
configure:5150: found /usr/bin/ocamldoc.opt
configure:5162: result: /usr/bin/ocamldoc.opt
configure:5184: checking for ocamllex
configure:5202: found /usr/bin/ocamllex
configure:5214: result: /usr/bin/ocamllex
configure:5233: checking for ocamllex.opt
configure:5251: found /usr/bin/ocamllex.opt
configure:5263: result: /usr/bin/ocamllex.opt
configure:5285: checking for ocamlyacc
configure:5303: found /usr/bin/ocamlyacc
configure:5315: result: /usr/bin/ocamlyacc
configure:5335: checking for ocamlfind
configure:5353: found /usr/bin/ocamlfind
configure:5365: result: /usr/bin/ocamlfind
configure:5383: checking for camlidl
configure:5401: found /usr/bin/camlidl
configure:5413: result: /usr/bin/camlidl
configure:5490: checking for bfd_init in -lbfd
configure:5515: gcc -o conftest -g -O2   conftest.c -lbfd   >&5
configure:5515: $? = 0
configure:5524: result: yes
configure:5535: checking for xmalloc in -liberty
configure:5560: gcc -o conftest -g -O2   conftest.c -liberty  -lbfd  >&5
configure:5560: $? = 0
configure:5569: result: yes
configure:5580: checking for LibVEX_Version in -lvex
configure:5605: gcc -o conftest -g -O2   conftest.c -lvex  -liberty -lbfd  >&5
/usr/bin/ld.bfd.real: cannot find -lvex
collect2: ld returned 1 exit status
configure:5605: $? = 1
configure: failed program was:
| /* confdefs.h */
| #define PACKAGE_NAME "Bap"
| #define PACKAGE_TARNAME "bap"
| #define PACKAGE_VERSION "0.1"
| #define PACKAGE_STRING "Bap 0.1"
| #define PACKAGE_BUGREPORT "dbrumley@cmu.edu"
| #define PACKAGE_URL ""
| #define PACKAGE "bap"
| #define VERSION "0.1"
| #define HAVE_LIBBFD 1
| #define HAVE_LIBIBERTY 1
| /* end confdefs.h.  */
| 
| /* Override any GCC internal prototype to avoid an error.
|    Use char because int might match the return type of a GCC
|    builtin and then its argument prototype would still apply.  */
| #ifdef __cplusplus
| extern "C"
| #endif
| char LibVEX_Version ();
| int
| main ()
| {
| return LibVEX_Version ();
|   ;
|   return 0;
| }
configure:5614: result: no
configure:5646: checking how to run the C preprocessor
configure:5677: gcc -E  conftest.c
configure:5677: $? = 0
configure:5691: gcc -E  conftest.c
conftest.c:13:28: fatal error: ac_nonexistent.h: No such file or directory
compilation terminated.
configure:5691: $? = 1
configure: failed program was:
| /* confdefs.h */
| #define PACKAGE_NAME "Bap"
| #define PACKAGE_TARNAME "bap"
| #define PACKAGE_VERSION "0.1"
| #define PACKAGE_STRING "Bap 0.1"
| #define PACKAGE_BUGREPORT "dbrumley@cmu.edu"
| #define PACKAGE_URL ""
| #define PACKAGE "bap"
| #define VERSION "0.1"
| #define HAVE_LIBBFD 1
| #define HAVE_LIBIBERTY 1
| /* end confdefs.h.  */
| #include <ac_nonexistent.h>
configure:5716: result: gcc -E
configure:5736: gcc -E  conftest.c
configure:5736: $? = 0
configure:5750: gcc -E  conftest.c
conftest.c:13:28: fatal error: ac_nonexistent.h: No such file or directory
compilation terminated.
configure:5750: $? = 1
configure: failed program was:
| /* confdefs.h */
| #define PACKAGE_NAME "Bap"
| #define PACKAGE_TARNAME "bap"
| #define PACKAGE_VERSION "0.1"
| #define PACKAGE_STRING "Bap 0.1"
| #define PACKAGE_BUGREPORT "dbrumley@cmu.edu"
| #define PACKAGE_URL ""
| #define PACKAGE "bap"
| #define VERSION "0.1"
| #define HAVE_LIBBFD 1
| #define HAVE_LIBIBERTY 1
| /* end confdefs.h.  */
| #include <ac_nonexistent.h>
configure:5779: checking for grep that handles long lines and -e
configure:5837: result: /bin/grep
configure:5842: checking for egrep
configure:5904: result: /bin/grep -E
configure:5909: checking for ANSI C header files
configure:5929: gcc -c -g -O2  conftest.c >&5
configure:5929: $? = 0
configure:6002: gcc -o conftest -g -O2   conftest.c -liberty -lbfd  >&5
configure:6002: $? = 0
configure:6002: ./conftest
configure:6002: $? = 0
configure:6013: result: yes
configure:6026: checking for sys/types.h
configure:6026: gcc -c -g -O2  conftest.c >&5
configure:6026: $? = 0
configure:6026: result: yes
configure:6026: checking for sys/stat.h
configure:6026: gcc -c -g -O2  conftest.c >&5
configure:6026: $? = 0
configure:6026: result: yes
configure:6026: checking for stdlib.h
configure:6026: gcc -c -g -O2  conftest.c >&5
configure:6026: $? = 0
configure:6026: result: yes
configure:6026: checking for string.h
configure:6026: gcc -c -g -O2  conftest.c >&5
configure:6026: $? = 0
configure:6026: result: yes
configure:6026: checking for memory.h
configure:6026: gcc -c -g -O2  conftest.c >&5
configure:6026: $? = 0
configure:6026: result: yes
configure:6026: checking for strings.h
configure:6026: gcc -c -g -O2  conftest.c >&5
configure:6026: $? = 0
configure:6026: result: yes
configure:6026: checking for inttypes.h
configure:6026: gcc -c -g -O2  conftest.c >&5
configure:6026: $? = 0
configure:6026: result: yes
configure:6026: checking for stdint.h
configure:6026: gcc -c -g -O2  conftest.c >&5
configure:6026: $? = 0
configure:6026: result: yes
configure:6026: checking for unistd.h
configure:6026: gcc -c -g -O2  conftest.c >&5
configure:6026: $? = 0
configure:6026: result: yes
configure:6041: checking fcntl.h usability
configure:6041: gcc -c -g -O2  conftest.c >&5
configure:6041: $? = 0
configure:6041: result: yes
configure:6041: checking fcntl.h presence
configure:6041: gcc -E  conftest.c
configure:6041: $? = 0
configure:6041: result: yes
configure:6041: checking for fcntl.h
configure:6041: result: yes
configure:6041: checking for stdint.h
configure:6041: result: yes
configure:6041: checking for stdlib.h
configure:6041: result: yes
configure:6041: checking for string.h
configure:6041: result: yes
configure:6041: checking for unistd.h
configure:6041: result: yes
configure:6051: checking /usr/include/bfd.h usability
configure:6051: gcc -c -g -O2  conftest.c >&5
configure:6051: $? = 0
configure:6051: result: yes
configure:6051: checking /usr/include/bfd.h presence
configure:6051: gcc -E  conftest.c
configure:6051: $? = 0
configure:6051: result: yes
configure:6051: checking for /usr/include/bfd.h
configure:6051: result: yes
configure:6062: checking for stdbool.h that conforms to C99
configure:6147: gcc -c -g -O2  conftest.c >&5
configure:6147: $? = 0
configure:6154: result: yes
configure:6156: checking for _Bool
configure:6156: gcc -c -g -O2  conftest.c >&5
configure:6156: $? = 0
configure:6156: gcc -c -g -O2  conftest.c >&5
conftest.c: In function 'main':
conftest.c:64:20: error: expected expression before ')' token
configure:6156: $? = 1
configure: failed program was:
| /* confdefs.h */
| #define PACKAGE_NAME "Bap"
| #define PACKAGE_TARNAME "bap"
| #define PACKAGE_VERSION "0.1"
| #define PACKAGE_STRING "Bap 0.1"
| #define PACKAGE_BUGREPORT "dbrumley@cmu.edu"
| #define PACKAGE_URL ""
| #define PACKAGE "bap"
| #define VERSION "0.1"
| #define HAVE_LIBBFD 1
| #define HAVE_LIBIBERTY 1
| #define STDC_HEADERS 1
| #define HAVE_SYS_TYPES_H 1
| #define HAVE_SYS_STAT_H 1
| #define HAVE_STDLIB_H 1
| #define HAVE_STRING_H 1
| #define HAVE_MEMORY_H 1
| #define HAVE_STRINGS_H 1
| #define HAVE_INTTYPES_H 1
| #define HAVE_STDINT_H 1
| #define HAVE_UNISTD_H 1
| #define HAVE_FCNTL_H 1
| #define HAVE_STDINT_H 1
| #define HAVE_STDLIB_H 1
| #define HAVE_STRING_H 1
| #define HAVE_UNISTD_H 1
| /* end confdefs.h.  */
| #include <stdio.h>
| #ifdef HAVE_SYS_TYPES_H
| # include <sys/types.h>
| #endif
| #ifdef HAVE_SYS_STAT_H
| # include <sys/stat.h>
| #endif
| #ifdef STDC_HEADERS
| # include <stdlib.h>
| # include <stddef.h>
| #else
| # ifdef HAVE_STDLIB_H
| #  include <stdlib.h>
| # endif
| #endif
| #ifdef HAVE_STRING_H
| # if !defined STDC_HEADERS && defined HAVE_MEMORY_H
| #  include <memory.h>
| # endif
| # include <string.h>
| #endif
| #ifdef HAVE_STRINGS_H
| # include <strings.h>
| #endif
| #ifdef HAVE_INTTYPES_H
| # include <inttypes.h>
| #endif
| #ifdef HAVE_STDINT_H
| # include <stdint.h>
| #endif
| #ifdef HAVE_UNISTD_H
| # include <unistd.h>
| #endif
| int
| main ()
| {
| if (sizeof ((_Bool)))
| 	    return 0;
|   ;
|   return 0;
| }
configure:6156: result: yes
configure:6172: checking for an ANSI C-conforming const
configure:6237: gcc -c -g -O2  conftest.c >&5
configure:6237: $? = 0
configure:6244: result: yes
configure:6252: checking for size_t
configure:6252: gcc -c -g -O2  conftest.c >&5
configure:6252: $? = 0
configure:6252: gcc -c -g -O2  conftest.c >&5
conftest.c: In function 'main':
conftest.c:66:21: error: expected expression before ')' token
configure:6252: $? = 1
configure: failed program was:
| /* confdefs.h */
| #define PACKAGE_NAME "Bap"
| #define PACKAGE_TARNAME "bap"
| #define PACKAGE_VERSION "0.1"
| #define PACKAGE_STRING "Bap 0.1"
| #define PACKAGE_BUGREPORT "dbrumley@cmu.edu"
| #define PACKAGE_URL ""
| #define PACKAGE "bap"
| #define VERSION "0.1"
| #define HAVE_LIBBFD 1
| #define HAVE_LIBIBERTY 1
| #define STDC_HEADERS 1
| #define HAVE_SYS_TYPES_H 1
| #define HAVE_SYS_STAT_H 1
| #define HAVE_STDLIB_H 1
| #define HAVE_STRING_H 1
| #define HAVE_MEMORY_H 1
| #define HAVE_STRINGS_H 1
| #define HAVE_INTTYPES_H 1
| #define HAVE_STDINT_H 1
| #define HAVE_UNISTD_H 1
| #define HAVE_FCNTL_H 1
| #define HAVE_STDINT_H 1
| #define HAVE_STDLIB_H 1
| #define HAVE_STRING_H 1
| #define HAVE_UNISTD_H 1
| #define HAVE__BOOL 1
| #define HAVE_STDBOOL_H 1
| /* end confdefs.h.  */
| #include <stdio.h>
| #ifdef HAVE_SYS_TYPES_H
| # include <sys/types.h>
| #endif
| #ifdef HAVE_SYS_STAT_H
| # include <sys/stat.h>
| #endif
| #ifdef STDC_HEADERS
| # include <stdlib.h>
| # include <stddef.h>
| #else
| # ifdef HAVE_STDLIB_H
| #  include <stdlib.h>
| # endif
| #endif
| #ifdef HAVE_STRING_H
| # if !defined STDC_HEADERS && defined HAVE_MEMORY_H
| #  include <memory.h>
| # endif
| # include <string.h>
| #endif
| #ifdef HAVE_STRINGS_H
| # include <strings.h>
| #endif
| #ifdef HAVE_INTTYPES_H
| # include <inttypes.h>
| #endif
| #ifdef HAVE_STDINT_H
| # include <stdint.h>
| #endif
| #ifdef HAVE_UNISTD_H
| # include <unistd.h>
| #endif
| int
| main ()
| {
| if (sizeof ((size_t)))
| 	    return 0;
|   ;
|   return 0;
| }
configure:6252: result: yes
configure:6273: checking size of bfd_vma
configure:6278: gcc -o conftest -g -O2   conftest.c -liberty -lbfd  >&5
configure:6278: $? = 0
configure:6278: ./conftest
configure:6278: $? = 0
configure:6293: result: 8
configure:6307: checking for stdlib.h
configure:6307: result: yes
configure:6317: checking for GNU libc compatible malloc
configure:6341: gcc -o conftest -g -O2   conftest.c -liberty -lbfd  >&5
configure:6341: $? = 0
configure:6341: ./conftest
configure:6341: $? = 0
configure:6351: result: yes
configure:6372: checking for working memcmp
configure:6415: gcc -o conftest -g -O2   conftest.c -liberty -lbfd  >&5
configure:6415: $? = 0
configure:6415: ./conftest
configure:6415: $? = 0
configure:6425: result: yes
configure:6437: checking for bzero
configure:6437: gcc -o conftest -g -O2   conftest.c -liberty -lbfd  >&5
conftest.c:57:6: warning: conflicting types for built-in function 'bzero' [enabled by default]
configure:6437: $? = 0
configure:6437: result: yes
configure:6437: checking for memset
configure:6437: gcc -o conftest -g -O2   conftest.c -liberty -lbfd  >&5
conftest.c:58:6: warning: conflicting types for built-in function 'memset' [enabled by default]
configure:6437: $? = 0
configure:6437: result: yes
configure:6437: checking for strstr
configure:6437: gcc -o conftest -g -O2   conftest.c -liberty -lbfd  >&5
conftest.c:59:6: warning: conflicting types for built-in function 'strstr' [enabled by default]
configure:6437: $? = 0
configure:6437: result: yes
configure:6437: checking for strtoul
configure:6437: gcc -o conftest -g -O2   conftest.c -liberty -lbfd  >&5
configure:6437: $? = 0
configure:6437: result: yes
configure:6590: creating ./config.status

## ---------------------- ##
## Running config.status. ##
## ---------------------- ##

This file was extended by Bap config.status 0.1, which was
generated by GNU Autoconf 2.67.  Invocation command line was

  CONFIG_FILES    = 
  CONFIG_HEADERS  = 
  CONFIG_LINKS    = 
  CONFIG_COMMANDS = 
  $ ./config.status 

on ubuntu

config.status:902: creating Makefile
config.status:902: creating libasmir/Makefile
config.status:902: creating libasmir/apps/Makefile
config.status:902: creating libasmir/src/Makefile
config.status:902: creating libasmir/config.h
config.status:1130: executing depfiles commands

## ---------------- ##
## Cache variables. ##
## ---------------- ##

ac_cv_c_compiler_gnu=yes
ac_cv_c_const=yes
ac_cv_cxx_compiler_gnu=yes
ac_cv_env_CCC_set=
ac_cv_env_CCC_value=
ac_cv_env_CC_set=
ac_cv_env_CC_value=
ac_cv_env_CFLAGS_set=
ac_cv_env_CFLAGS_value=
ac_cv_env_CPPFLAGS_set=
ac_cv_env_CPPFLAGS_value=
ac_cv_env_CPP_set=
ac_cv_env_CPP_value=
ac_cv_env_CXXFLAGS_set=
ac_cv_env_CXXFLAGS_value=
ac_cv_env_CXX_set=
ac_cv_env_CXX_value=
ac_cv_env_LDFLAGS_set=
ac_cv_env_LDFLAGS_value=
ac_cv_env_LIBS_set=
ac_cv_env_LIBS_value=
ac_cv_env_build_alias_set=
ac_cv_env_build_alias_value=
ac_cv_env_host_alias_set=
ac_cv_env_host_alias_value=
ac_cv_env_target_alias_set=
ac_cv_env_target_alias_value=
ac_cv_func_bzero=yes
ac_cv_func_malloc_0_nonnull=yes
ac_cv_func_memcmp_working=yes
ac_cv_func_memset=yes
ac_cv_func_strstr=yes
ac_cv_func_strtoul=yes
ac_cv_header__usr_include_bfd_h=yes
ac_cv_header_fcntl_h=yes
ac_cv_header_inttypes_h=yes
ac_cv_header_memory_h=yes
ac_cv_header_stdbool_h=yes
ac_cv_header_stdc=yes
ac_cv_header_stdint_h=yes
ac_cv_header_stdlib_h=yes
ac_cv_header_string_h=yes
ac_cv_header_strings_h=yes
ac_cv_header_sys_stat_h=yes
ac_cv_header_sys_types_h=yes
ac_cv_header_unistd_h=yes
ac_cv_lib_bfd_bfd_init=yes
ac_cv_lib_iberty_xmalloc=yes
ac_cv_lib_vex_LibVEX_Version=no
ac_cv_objext=o
ac_cv_path_CAMLIDL=/usr/bin/camlidl
ac_cv_path_EGREP='/bin/grep -E'
ac_cv_path_GREP=/bin/grep
ac_cv_path_OCAMLC=/usr/bin/ocamlc
ac_cv_path_OCAMLC_OPT=/usr/bin/ocamlc.opt
ac_cv_path_OCAMLDEP=/usr/bin/ocamldep
ac_cv_path_OCAMLDEP_OPT=/usr/bin/ocamldep.opt
ac_cv_path_OCAMLDOC=/usr/bin/ocamldoc
ac_cv_path_OCAMLDOC_OPT=/usr/bin/ocamldoc.opt
ac_cv_path_OCAMLFIND=/usr/bin/ocamlfind
ac_cv_path_OCAMLLEX=/usr/bin/ocamllex
ac_cv_path_OCAMLLEX_OPT=/usr/bin/ocamllex.opt
ac_cv_path_OCAMLMKLIB=/usr/bin/ocamlmklib
ac_cv_path_OCAMLMKTOP=/usr/bin/ocamlmktop
ac_cv_path_OCAMLOPT=/usr/bin/ocamlopt
ac_cv_path_OCAMLOPT_OPT=/usr/bin/ocamlopt.opt
ac_cv_path_OCAMLYACC=/usr/bin/ocamlyacc
ac_cv_path_install='/usr/bin/install -c'
ac_cv_path_mkdir=/bin/mkdir
ac_cv_prog_AWK=mawk
ac_cv_prog_CPP='gcc -E'
ac_cv_prog_ac_ct_CC=gcc
ac_cv_prog_ac_ct_CXX=g++
ac_cv_prog_ac_ct_RANLIB=ranlib
ac_cv_prog_cc_c89=
ac_cv_prog_cc_g=yes
ac_cv_prog_cxx_g=yes
ac_cv_prog_make_make_set=yes
ac_cv_sizeof_bfd_vma=8
ac_cv_type__Bool=yes
ac_cv_type_size_t=yes
am_cv_CC_dependencies_compiler_type=gcc3
am_cv_CXX_dependencies_compiler_type=gcc3

## ----------------- ##
## Output variables. ##
## ----------------- ##

ACLOCAL='${SHELL} /home/p/bap-0.4/missing --run aclocal-1.11'
AMDEPBACKSLASH='\'
AMDEP_FALSE='#'
AMDEP_TRUE=''
AMTAR='${SHELL} /home/p/bap-0.4/missing --run tar'
ASMIR_DIR='/home/p/bap-0.4/libasmir'
AUTOCONF='${SHELL} /home/p/bap-0.4/missing --run autoconf'
AUTOHEADER='${SHELL} /home/p/bap-0.4/missing --run autoheader'
AUTOMAKE='${SHELL} /home/p/bap-0.4/missing --run automake-1.11'
AWK='mawk'
CAMLIDL='/usr/bin/camlidl'
CC='gcc'
CCDEPMODE='depmode=gcc3'
CFLAGS='-g -O2'
CPP='gcc -E'
CPPFLAGS=''
CXX='g++'
CXXDEPMODE='depmode=gcc3'
CXXFLAGS='-g -O2'
CYGPATH_W='echo'
DEFS='-DHAVE_CONFIG_H'
DEPDIR='.deps'
ECHO_C=''
ECHO_N='-n'
ECHO_T=''
EGREP='/bin/grep -E'
EXEEXT=''
GREP='/bin/grep'
INSTALL_DATA='${INSTALL} -m 644'
INSTALL_PROGRAM='${INSTALL}'
INSTALL_SCRIPT='${INSTALL}'
INSTALL_STRIP_PROGRAM='$(install_sh) -c -s'
LDFLAGS=''
LIBOBJS=''
LIBS='-liberty -lbfd '
LTLIBOBJS=''
MAKEINFO='${SHELL} /home/p/bap-0.4/missing --run makeinfo'
MKDIR_P='/bin/mkdir -p'
OBJEXT='o'
OCAMLC='/usr/bin/ocamlc.opt'
OCAMLC_OPT='/usr/bin/ocamlc.opt'
OCAMLDEP='/usr/bin/ocamldep.opt'
OCAMLDEP_OPT='/usr/bin/ocamldep.opt'
OCAMLDOC='/usr/bin/ocamldoc.opt'
OCAMLDOC_OPT='/usr/bin/ocamldoc.opt'
OCAMLFIND='/usr/bin/ocamlfind'
OCAMLLEX='/usr/bin/ocamllex.opt'
OCAMLLEX_OPT='/usr/bin/ocamllex.opt'
OCAMLMKLIB='/usr/bin/ocamlmklib'
OCAMLMKTOP='/usr/bin/ocamlmktop'
OCAMLOPT='/usr/bin/ocamlopt.opt'
OCAMLOPT_OPT='/usr/bin/ocamlopt.opt'
OCAMLYACC='/usr/bin/ocamlyacc'
PACKAGE='bap'
PACKAGE_BUGREPORT='dbrumley@cmu.edu'
PACKAGE_NAME='Bap'
PACKAGE_STRING='Bap 0.1'
PACKAGE_TARNAME='bap'
PACKAGE_URL=''
PACKAGE_VERSION='0.1'
PATH_SEPARATOR=':'
RANLIB='ranlib'
SET_MAKE=''
SHELL='/bin/bash'
STRIP=''
TESTS_OPT_FALSE=''
TESTS_OPT_TRUE='#'
VERSION='0.1'
VEX_DIR='/home/p/bap-0.4/VEX'
ac_ct_CC='gcc'
ac_ct_CXX='g++'
am__EXEEXT_FALSE=''
am__EXEEXT_TRUE='#'
am__fastdepCC_FALSE='#'
am__fastdepCC_TRUE=''
am__fastdepCXX_FALSE='#'
am__fastdepCXX_TRUE=''
am__include='include'
am__isrc=''
am__leading_dot='.'
am__quote=''
am__tar='${AMTAR} chof - "$$tardir"'
am__untar='${AMTAR} xf -'
bindir='${exec_prefix}/bin'
build_alias=''
datadir='${datarootdir}'
datarootdir='${prefix}/share'
docdir='${datarootdir}/doc/${PACKAGE_TARNAME}'
dvidir='${docdir}'
exec_prefix='${prefix}'
host_alias=''
htmldir='${docdir}'
includedir='${prefix}/include'
infodir='${datarootdir}/info'
install_sh='${SHELL} /home/p/bap-0.4/install-sh'
libdir='${exec_prefix}/lib'
libexecdir='${exec_prefix}/libexec'
localedir='${datarootdir}/locale'
localstatedir='${prefix}/var'
mandir='${datarootdir}/man'
mkdir_p='/bin/mkdir -p'
oldincludedir='/usr/include'
pdfdir='${docdir}'
prefix='/usr/local'
program_transform_name='s,x,x,'
psdir='${docdir}'
sbindir='${exec_prefix}/sbin'
sharedstatedir='${prefix}/com'
sysconfdir='${prefix}/etc'
target_alias=''

## ----------- ##
## confdefs.h. ##
## ----------- ##

/* confdefs.h */
#define PACKAGE_NAME "Bap"
#define PACKAGE_TARNAME "bap"
#define PACKAGE_VERSION "0.1"
#define PACKAGE_STRING "Bap 0.1"
#define PACKAGE_BUGREPORT "dbrumley@cmu.edu"
#define PACKAGE_URL ""
#define PACKAGE "bap"
#define VERSION "0.1"
#define HAVE_LIBBFD 1
#define HAVE_LIBIBERTY 1
#define STDC_HEADERS 1
#define HAVE_SYS_TYPES_H 1
#define HAVE_SYS_STAT_H 1
#define HAVE_STDLIB_H 1
#define HAVE_STRING_H 1
#define HAVE_MEMORY_H 1
#define HAVE_STRINGS_H 1
#define HAVE_INTTYPES_H 1
#define HAVE_STDINT_H 1
#define HAVE_UNISTD_H 1
#define HAVE_FCNTL_H 1
#define HAVE_STDINT_H 1
#define HAVE_STDLIB_H 1
#define HAVE_STRING_H 1
#define HAVE_UNISTD_H 1
#define HAVE__BOOL 1
#define HAVE_STDBOOL_H 1
#define VEX_VERSION 2201
#define SIZEOF_BFD_VMA 8
#define HAVE_STDLIB_H 1
#define HAVE_MALLOC 1
#define HAVE_BZERO 1
#define HAVE_MEMSET 1
#define HAVE_STRSTR 1
#define HAVE_STRTOUL 1

configure: exit 0
